<?xml version="1.0" encoding="UTF-8"?>
<testng-results skipped="0" failed="0" ignored="0" total="1" passed="1">
  <reporter-output>
  </reporter-output>
  <suite name="Suite" duration-ms="249040" started-at="2019-11-30T14:02:38Z" finished-at="2019-11-30T14:06:47Z">
    <groups>
    </groups>
    <test name="Test" duration-ms="249040" started-at="2019-11-30T14:02:38Z" finished-at="2019-11-30T14:06:47Z">
      <class name="testCases.HomePage">
        <test-method status="PASS" signature="Fn_openBrowser(java.lang.String)[pri:0, instance:testCases.HomePage@69d9c55]" name="Fn_openBrowser" is-config="true" duration-ms="19836" started-at="2019-11-30T14:02:38Z" finished-at="2019-11-30T14:02:58Z">
          <params>
            <param index="0">
              <value>
                <![CDATA[chrome]]>
              </value>
            </param>
          </params>
          <reporter-output>
          </reporter-output>
        </test-method> <!-- Fn_openBrowser -->
        <test-method status="PASS" signature="TestCas()[pri:0, instance:testCases.HomePage@69d9c55]" name="TestCas" duration-ms="228470" started-at="2019-11-30T14:02:58Z" finished-at="2019-11-30T14:06:47Z">
          <reporter-output>
          </reporter-output>
        </test-method> <!-- TestCas -->
        <test-method status="PASS" signature="tearDown()[pri:0, instance:testCases.HomePage@69d9c55]" name="tearDown" is-config="true" duration-ms="686" started-at="2019-11-30T14:06:47Z" finished-at="2019-11-30T14:06:47Z">
          <reporter-output>
          </reporter-output>
        </test-method> <!-- tearDown -->
      </class> <!-- testCases.HomePage -->
    </test> <!-- Test -->
  </suite> <!-- Suite -->
</testng-results>
