<?xml version="1.0" encoding="UTF-8"?>
<testng-results skipped="0" failed="0" ignored="0" total="1" passed="1">
  <reporter-output>
  </reporter-output>
  <suite name="Default suite" duration-ms="62602" started-at="2019-11-03T07:33:43Z" finished-at="2019-11-03T07:34:46Z">
    <groups>
    </groups>
    <test name="Default test" duration-ms="62602" started-at="2019-11-03T07:33:43Z" finished-at="2019-11-03T07:34:46Z">
      <class name="FrameworkDemo.FrameworkDemo.HomePage">
        <test-method status="PASS" signature="basePageNavigation()[pri:0, instance:FrameworkDemo.FrameworkDemo.HomePage@7cd62f43]" name="basePageNavigation" duration-ms="61939" started-at="2019-11-03T07:33:44Z" finished-at="2019-11-03T07:34:46Z">
          <reporter-output>
          </reporter-output>
        </test-method> <!-- basePageNavigation -->
      </class> <!-- FrameworkDemo.FrameworkDemo.HomePage -->
    </test> <!-- Default test -->
  </suite> <!-- Default suite -->
</testng-results>
